# JRE version: Java(TM) SE Runtime Environment (8.0_152-b16) (build 1.8.0_152-b16)
# Java VM: Java HotSpot(TM) 64-Bit Server VM (25.152-b16 mixed mode windows-amd64 compressed oops)
Heap:
 PSYoungGen      total 993792K, used 167741K [0x0000000715580000, 0x000000076e580000, 0x00000007c0000000)
  eden space 814592K, 20% used [0x0000000715580000,0x000000071f94f788,0x0000000747100000)
  from space 179200K, 0% used [0x0000000747100000,0x0000000747100000,0x0000000752000000)
  to   space 240128K, 0% used [0x000000075fb00000,0x000000075fb00000,0x000000076e580000)
 ParOldGen       total 697344K, used 342612K [0x00000005c0000000, 0x00000005ea900000, 0x0000000715580000)
  object space 697344K, 49% used [0x00000005c0000000,0x00000005d4e951f0,0x00000005ea900000)
 Metaspace       used 22522K, capacity 23016K, committed 23168K, reserved 1069056K
  class space    used 2658K, capacity 2821K, committed 2944K, reserved 1048576K
GC Heap History (10 events):
Event: 8.507 GC heap before
{Heap before GC invocations=12 (full 1):
 PSYoungGen      total 769536K, used 769536K [0x0000000715580000, 0x0000000755880000, 0x00000007c0000000)
  eden space 638976K, 100% used [0x0000000715580000,0x000000073c580000,0x000000073c580000)
  from space 130560K, 100% used [0x000000074d900000,0x0000000755880000,0x0000000755880000)
  to   space 167424K, 0% used [0x0000000741180000,0x0000000741180000,0x000000074b500000)
 ParOldGen       total 342528K, used 228230K [0x00000005c0000000, 0x00000005d4e80000, 0x0000000715580000)
  object space 342528K, 66% used [0x00000005c0000000,0x00000005cdee1ba8,0x00000005d4e80000)
 Metaspace       used 22093K, capacity 22570K, committed 22784K, reserved 1069056K
  class space    used 2590K, capacity 2740K, committed 2816K, reserved 1048576K
Event: 8.654 GC heap after
Heap after GC invocations=12 (full 1):
 PSYoungGen      total 884224K, used 102666K [0x0000000715580000, 0x000000075c780000, 0x00000007c0000000)
  eden space 716800K, 0% used [0x0000000715580000,0x0000000715580000,0x0000000741180000)
  from space 167424K, 61% used [0x0000000741180000,0x00000007475c2940,0x000000074b500000)
  to   space 171520K, 0% used [0x0000000752000000,0x0000000752000000,0x000000075c780000)
 ParOldGen       total 354816K, used 354360K [0x00000005c0000000, 0x00000005d5a80000, 0x0000000715580000)
  object space 354816K, 99% used [0x00000005c0000000,0x00000005d5a0e040,0x00000005d5a80000)
 Metaspace       used 22093K, capacity 22570K, committed 22784K, reserved 1069056K
  class space    used 2590K, capacity 2740K, committed 2816K, reserved 1048576K
}
Event: 8.654 GC heap before
{Heap before GC invocations=13 (full 2):
 PSYoungGen      total 884224K, used 102666K [0x0000000715580000, 0x000000075c780000, 0x00000007c0000000)
  eden space 716800K, 0% used [0x0000000715580000,0x0000000715580000,0x0000000741180000)
  from space 167424K, 61% used [0x0000000741180000,0x00000007475c2940,0x000000074b500000)
  to   space 171520K, 0% used [0x0000000752000000,0x0000000752000000,0x000000075c780000)
 ParOldGen       total 354816K, used 354360K [0x00000005c0000000, 0x00000005d5a80000, 0x0000000715580000)
  object space 354816K, 99% used [0x00000005c0000000,0x00000005d5a0e040,0x00000005d5a80000)
 Metaspace       used 22093K, capacity 22570K, committed 22784K, reserved 1069056K
  class space    used 2590K, capacity 2740K, committed 2816K, reserved 1048576K
Event: 9.699 GC heap after
Heap after GC invocations=13 (full 2):
 PSYoungGen      total 884224K, used 92031K [0x0000000715580000, 0x000000075c780000, 0x00000007c0000000)
  eden space 716800K, 0% used [0x0000000715580000,0x0000000715580000,0x0000000741180000)
  from space 167424K, 54% used [0x0000000741180000,0x0000000746b5fef0,0x000000074b500000)
  to   space 171520K, 0% used [0x0000000752000000,0x0000000752000000,0x000000075c780000)
 ParOldGen       total 615936K, used 354591K [0x00000005c0000000, 0x00000005e5980000, 0x0000000715580000)
  object space 615936K, 57% used [0x00000005c0000000,0x00000005d5a47ca8,0x00000005e5980000)
 Metaspace       used 22093K, capacity 22570K, committed 22784K, reserved 1069056K
  class space    used 2590K, capacity 2740K, committed 2816K, reserved 1048576K
}
Event: 10.886 GC heap before
{Heap before GC invocations=14 (full 2):
 PSYoungGen      total 884224K, used 808831K [0x0000000715580000, 0x000000075c780000, 0x00000007c0000000)
  eden space 716800K, 100% used [0x0000000715580000,0x0000000741180000,0x0000000741180000)
  from space 167424K, 54% used [0x0000000741180000,0x0000000746b5fef0,0x000000074b500000)
  to   space 171520K, 0% used [0x0000000752000000,0x0000000752000000,0x000000075c780000)
 ParOldGen       total 615936K, used 354591K [0x00000005c0000000, 0x00000005e5980000, 0x0000000715580000)
  object space 615936K, 57% used [0x00000005c0000000,0x00000005d5a47ca8,0x00000005e5980000)
 Metaspace       used 22441K, capacity 22920K, committed 23040K, reserved 1069056K
  class space    used 2641K, capacity 2789K, committed 2816K, reserved 1048576K
Event: 11.058 GC heap after
Heap after GC invocations=14 (full 2):
 PSYoungGen      total 986112K, used 116957K [0x0000000715580000, 0x000000075f380000, 0x00000007c0000000)
  eden space 814592K, 0% used [0x0000000715580000,0x0000000715580000,0x0000000747100000)
  from space 171520K, 68% used [0x0000000752000000,0x0000000759237460,0x000000075c780000)
  to   space 179200K, 0% used [0x0000000747100000,0x0000000747100000,0x0000000752000000)
 ParOldGen       total 615936K, used 445640K [0x00000005c0000000, 0x00000005e5980000, 0x0000000715580000)
  object space 615936K, 72% used [0x00000005c0000000,0x00000005db3320e8,0x00000005e5980000)
 Metaspace       used 22441K, capacity 22920K, committed 23040K, reserved 1069056K
  class space    used 2641K, capacity 2789K, committed 2816K, reserved 1048576K
}
Event: 12.419 GC heap before
{Heap before GC invocations=15 (full 2):
 PSYoungGen      total 986112K, used 931549K [0x0000000715580000, 0x000000075f380000, 0x00000007c0000000)
  eden space 814592K, 100% used [0x0000000715580000,0x0000000747100000,0x0000000747100000)
  from space 171520K, 68% used [0x0000000752000000,0x0000000759237460,0x000000075c780000)
  to   space 179200K, 0% used [0x0000000747100000,0x0000000747100000,0x0000000752000000)
 ParOldGen       total 615936K, used 445640K [0x00000005c0000000, 0x00000005e5980000, 0x0000000715580000)
  object space 615936K, 72% used [0x00000005c0000000,0x00000005db3320e8,0x00000005e5980000)
 Metaspace       used 22441K, capacity 22920K, committed 23040K, reserved 1069056K
  class space    used 2641K, capacity 2789K, committed 2816K, reserved 1048576K
Event: 12.594 GC heap after
Heap after GC invocations=15 (full 2):
 PSYoungGen      total 993792K, used 179168K [0x0000000715580000, 0x000000076e580000, 0x00000007c0000000)
  eden space 814592K, 0% used [0x0000000715580000,0x0000000715580000,0x0000000747100000)
  from space 179200K, 99% used [0x0000000747100000,0x0000000751ff8328,0x0000000752000000)
  to   space 240128K, 0% used [0x000000075fb00000,0x000000075fb00000,0x000000076e580000)
 ParOldGen       total 615936K, used 533065K [0x00000005c0000000, 0x00000005e5980000, 0x0000000715580000)
  object space 615936K, 86% used [0x00000005c0000000,0x00000005e08927c0,0x00000005e5980000)
 Metaspace       used 22441K, capacity 22920K, committed 23040K, reserved 1069056K
  class space    used 2641K, capacity 2789K, committed 2816K, reserved 1048576K
}
Event: 12.594 GC heap before
{Heap before GC invocations=16 (full 3):
 PSYoungGen      total 993792K, used 179168K [0x0000000715580000, 0x000000076e580000, 0x00000007c0000000)
  eden space 814592K, 0% used [0x0000000715580000,0x0000000715580000,0x0000000747100000)
  from space 179200K, 99% used [0x0000000747100000,0x0000000751ff8328,0x0000000752000000)
  to   space 240128K, 0% used [0x000000075fb00000,0x000000075fb00000,0x000000076e580000)
 ParOldGen       total 615936K, used 533065K [0x00000005c0000000, 0x00000005e5980000, 0x0000000715580000)
  object space 615936K, 86% used [0x00000005c0000000,0x00000005e08927c0,0x00000005e5980000)
 Metaspace       used 22441K, capacity 22920K, committed 23040K, reserved 1069056K
  class space    used 2641K, capacity 2789K, committed 2816K, reserved 1048576K
Event: 13.270 GC heap after
Heap after GC invocations=16 (full 3):
 PSYoungGen      total 993792K, used 0K [0x0000000715580000, 0x000000076e580000, 0x00000007c0000000)
  eden space 814592K, 0% used [0x0000000715580000,0x0000000715580000,0x0000000747100000)
  from space 179200K, 0% used [0x0000000747100000,0x0000000747100000,0x0000000752000000)
  to   space 240128K, 0% used [0x000000075fb00000,0x000000075fb00000,0x000000076e580000)
 ParOldGen       total 697344K, used 342612K [0x00000005c0000000, 0x00000005ea900000, 0x0000000715580000)
  object space 697344K, 49% used [0x00000005c0000000,0x00000005d4e951f0,0x00000005ea900000)
 Metaspace       used 22441K, capacity 22920K, committed 23040K, reserved 1069056K
  class space    used 2641K, capacity 2789K, committed 2816K, reserved 1048576K
}

