# JRE version: Java(TM) SE Runtime Environment (8.0_152-b16) (build 1.8.0_152-b16)
# Java VM: Java HotSpot(TM) 64-Bit Server VM (25.152-b16 mixed mode windows-amd64 compressed oops)
Heap:
 PSYoungGen      total 562176K, used 426123K [0x0000000715580000, 0x000000073f780000, 0x00000007c0000000)
  eden space 494080K, 86% used [0x0000000715580000,0x000000072f5a2e48,0x0000000733800000)
  from space 68096K, 0% used [0x0000000738e00000,0x0000000738e00000,0x000000073d080000)
  to   space 88064K, 0% used [0x0000000733800000,0x0000000733800000,0x0000000738e00000)
 ParOldGen       total 343552K, used 343486K [0x00000005c0000000, 0x00000005d4f80000, 0x0000000715580000)
  object space 343552K, 99% used [0x00000005c0000000,0x00000005d4f6f8d8,0x00000005d4f80000)
 Metaspace       used 21973K, capacity 22442K, committed 22784K, reserved 1069056K
  class space    used 2579K, capacity 2740K, committed 2816K, reserved 1048576K
GC Heap History (10 events):
Event: 7.113 GC heap before
{Heap before GC invocations=12 (full 2):
 PSYoungGen      total 562176K, used 68096K [0x0000000715580000, 0x000000073f780000, 0x00000007c0000000)
  eden space 494080K, 0% used [0x0000000715580000,0x0000000715580000,0x0000000733800000)
  from space 68096K, 100% used [0x0000000738e00000,0x000000073d080000,0x000000073d080000)
  to   space 88064K, 0% used [0x0000000733800000,0x0000000733800000,0x0000000738e00000)
 ParOldGen       total 343552K, used 290847K [0x00000005c0000000, 0x00000005d4f80000, 0x0000000715580000)
  object space 343552K, 84% used [0x00000005c0000000,0x00000005d1c07fe8,0x00000005d4f80000)
 Metaspace       used 20461K, capacity 20800K, committed 20992K, reserved 1067008K
  class space    used 2410K, capacity 2542K, committed 2560K, reserved 1048576K
Event: 7.672 GC heap after
Heap after GC invocations=12 (full 2):
 PSYoungGen      total 562176K, used 14294K [0x0000000715580000, 0x000000073f780000, 0x00000007c0000000)
  eden space 494080K, 0% used [0x0000000715580000,0x0000000715580000,0x0000000733800000)
  from space 68096K, 20% used [0x0000000738e00000,0x0000000739bf5a10,0x000000073d080000)
  to   space 88064K, 0% used [0x0000000733800000,0x0000000733800000,0x0000000738e00000)
 ParOldGen       total 343552K, used 343398K [0x00000005c0000000, 0x00000005d4f80000, 0x0000000715580000)
  object space 343552K, 99% used [0x00000005c0000000,0x00000005d4f59828,0x00000005d4f80000)
 Metaspace       used 20461K, capacity 20800K, committed 20992K, reserved 1067008K
  class space    used 2410K, capacity 2542K, committed 2560K, reserved 1048576K
}
Event: 8.871 GC heap before
{Heap before GC invocations=13 (full 3):
 PSYoungGen      total 562176K, used 508374K [0x0000000715580000, 0x000000073f780000, 0x00000007c0000000)
  eden space 494080K, 100% used [0x0000000715580000,0x0000000733800000,0x0000000733800000)
  from space 68096K, 20% used [0x0000000738e00000,0x0000000739bf5a10,0x000000073d080000)
  to   space 88064K, 0% used [0x0000000733800000,0x0000000733800000,0x0000000738e00000)
 ParOldGen       total 343552K, used 343398K [0x00000005c0000000, 0x00000005d4f80000, 0x0000000715580000)
  object space 343552K, 99% used [0x00000005c0000000,0x00000005d4f59828,0x00000005d4f80000)
 Metaspace       used 20461K, capacity 20800K, committed 20992K, reserved 1067008K
  class space    used 2410K, capacity 2542K, committed 2560K, reserved 1048576K
Event: 9.290 GC heap after
Heap after GC invocations=13 (full 3):
 PSYoungGen      total 562176K, used 101701K [0x0000000715580000, 0x000000073f780000, 0x00000007c0000000)
  eden space 494080K, 20% used [0x0000000715580000,0x000000071b8d17a8,0x0000000733800000)
  from space 68096K, 0% used [0x0000000738e00000,0x0000000738e00000,0x000000073d080000)
  to   space 88064K, 0% used [0x0000000733800000,0x0000000733800000,0x0000000738e00000)
 ParOldGen       total 343552K, used 343486K [0x00000005c0000000, 0x00000005d4f80000, 0x0000000715580000)
  object space 343552K, 99% used [0x00000005c0000000,0x00000005d4f6f8d8,0x00000005d4f80000)
 Metaspace       used 20461K, capacity 20800K, committed 20992K, reserved 1067008K
  class space    used 2410K, capacity 2542K, committed 2560K, reserved 1048576K
}
Event: 9.965 GC heap before
{Heap before GC invocations=14 (full 4):
 PSYoungGen      total 562176K, used 494080K [0x0000000715580000, 0x000000073f780000, 0x00000007c0000000)
  eden space 494080K, 100% used [0x0000000715580000,0x0000000733800000,0x0000000733800000)
  from space 68096K, 0% used [0x0000000738e00000,0x0000000738e00000,0x000000073d080000)
  to   space 88064K, 0% used [0x0000000733800000,0x0000000733800000,0x0000000738e00000)
 ParOldGen       total 343552K, used 343486K [0x00000005c0000000, 0x00000005d4f80000, 0x0000000715580000)
  object space 343552K, 99% used [0x00000005c0000000,0x00000005d4f6f8d8,0x00000005d4f80000)
 Metaspace       used 20461K, capacity 20800K, committed 20992K, reserved 1067008K
  class space    used 2410K, capacity 2542K, committed 2560K, reserved 1048576K
Event: 10.373 GC heap after
Heap after GC invocations=14 (full 4):
 PSYoungGen      total 562176K, used 174105K [0x0000000715580000, 0x000000073f780000, 0x00000007c0000000)
  eden space 494080K, 35% used [0x0000000715580000,0x000000071ff865f8,0x0000000733800000)
  from space 68096K, 0% used [0x0000000738e00000,0x0000000738e00000,0x000000073d080000)
  to   space 88064K, 0% used [0x0000000733800000,0x0000000733800000,0x0000000738e00000)
 ParOldGen       total 343552K, used 343486K [0x00000005c0000000, 0x00000005d4f80000, 0x0000000715580000)
  object space 343552K, 99% used [0x00000005c0000000,0x00000005d4f6f8d8,0x00000005d4f80000)
 Metaspace       used 20461K, capacity 20800K, committed 20992K, reserved 1067008K
  class space    used 2410K, capacity 2542K, committed 2560K, reserved 1048576K
}
Event: 10.923 GC heap before
{Heap before GC invocations=15 (full 5):
 PSYoungGen      total 562176K, used 494080K [0x0000000715580000, 0x000000073f780000, 0x00000007c0000000)
  eden space 494080K, 100% used [0x0000000715580000,0x0000000733800000,0x0000000733800000)
  from space 68096K, 0% used [0x0000000738e00000,0x0000000738e00000,0x000000073d080000)
  to   space 88064K, 0% used [0x0000000733800000,0x0000000733800000,0x0000000738e00000)
 ParOldGen       total 343552K, used 343486K [0x00000005c0000000, 0x00000005d4f80000, 0x0000000715580000)
  object space 343552K, 99% used [0x00000005c0000000,0x00000005d4f6f8d8,0x00000005d4f80000)
 Metaspace       used 20461K, capacity 20800K, committed 20992K, reserved 1067008K
  class space    used 2410K, capacity 2542K, committed 2560K, reserved 1048576K
Event: 11.352 GC heap after
Heap after GC invocations=15 (full 5):
 PSYoungGen      total 562176K, used 230929K [0x0000000715580000, 0x000000073f780000, 0x00000007c0000000)
  eden space 494080K, 46% used [0x0000000715580000,0x0000000723704778,0x0000000733800000)
  from space 68096K, 0% used [0x0000000738e00000,0x0000000738e00000,0x000000073d080000)
  to   space 88064K, 0% used [0x0000000733800000,0x0000000733800000,0x0000000738e00000)
 ParOldGen       total 343552K, used 343486K [0x00000005c0000000, 0x00000005d4f80000, 0x0000000715580000)
  object space 343552K, 99% used [0x00000005c0000000,0x00000005d4f6f8d8,0x00000005d4f80000)
 Metaspace       used 20461K, capacity 20800K, committed 20992K, reserved 1067008K
  class space    used 2410K, capacity 2542K, committed 2560K, reserved 1048576K
}
Event: 11.814 GC heap before
{Heap before GC invocations=16 (full 6):
 PSYoungGen      total 562176K, used 494080K [0x0000000715580000, 0x000000073f780000, 0x00000007c0000000)
  eden space 494080K, 100% used [0x0000000715580000,0x0000000733800000,0x0000000733800000)
  from space 68096K, 0% used [0x0000000738e00000,0x0000000738e00000,0x000000073d080000)
  to   space 88064K, 0% used [0x0000000733800000,0x0000000733800000,0x0000000738e00000)
 ParOldGen       total 343552K, used 343486K [0x00000005c0000000, 0x00000005d4f80000, 0x0000000715580000)
  object space 343552K, 99% used [0x00000005c0000000,0x00000005d4f6f8d8,0x00000005d4f80000)
 Metaspace       used 20461K, capacity 20800K, committed 20992K, reserved 1067008K
  class space    used 2410K, capacity 2542K, committed 2560K, reserved 1048576K
Event: 12.258 GC heap after
Heap after GC invocations=16 (full 6):
 PSYoungGen      total 562176K, used 278640K [0x0000000715580000, 0x000000073f780000, 0x00000007c0000000)
  eden space 494080K, 56% used [0x0000000715580000,0x000000072659c080,0x0000000733800000)
  from space 68096K, 0% used [0x0000000738e00000,0x0000000738e00000,0x000000073d080000)
  to   space 88064K, 0% used [0x0000000733800000,0x0000000733800000,0x0000000738e00000)
 ParOldGen       total 343552K, used 343486K [0x00000005c0000000, 0x00000005d4f80000, 0x0000000715580000)
  object space 343552K, 99% used [0x00000005c0000000,0x00000005d4f6f8d8,0x00000005d4f80000)
 Metaspace       used 20461K, capacity 20800K, committed 20992K, reserved 1067008K
  class space    used 2410K, capacity 2542K, committed 2560K, reserved 1048576K
}

