# JRE version: Java(TM) SE Runtime Environment (8.0_152-b16) (build 1.8.0_152-b16)
# Java VM: Java HotSpot(TM) 64-Bit Server VM (25.152-b16 mixed mode windows-amd64 compressed oops)
Heap:
 PSYoungGen      total 983552K, used 983552K [0x0000000715580000, 0x000000075e580000, 0x00000007c0000000)
  eden space 799744K, 100% used [0x0000000715580000,0x0000000746280000,0x0000000746280000)
  from space 183808K, 100% used [0x0000000746280000,0x0000000751600000,0x0000000751600000)
  to   space 169984K, 99% used [0x0000000751600000,0x000000075bbfcb60,0x000000075bc00000)
 ParOldGen       total 399360K, used 399354K [0x00000005c0000000, 0x00000005d8600000, 0x0000000715580000)
  object space 399360K, 99% used [0x00000005c0000000,0x00000005d85febb0,0x00000005d8600000)
 Metaspace       used 22551K, capacity 23080K, committed 23424K, reserved 1069056K
  class space    used 2656K, capacity 2821K, committed 2944K, reserved 1048576K
GC Heap History (10 events):
Event: 13.735 GC heap after
Heap after GC invocations=16 (full 3):
 PSYoungGen      total 983552K, used 183808K [0x0000000715580000, 0x000000075e580000, 0x00000007c0000000)
  eden space 799744K, 0% used [0x0000000715580000,0x0000000715580000,0x0000000746280000)
  from space 183808K, 100% used [0x0000000746280000,0x0000000751600000,0x0000000751600000)
  to   space 169984K, 0% used [0x0000000751600000,0x0000000751600000,0x000000075bc00000)
 ParOldGen       total 353280K, used 254341K [0x00000005c0000000, 0x00000005d5900000, 0x0000000715580000)
  object space 353280K, 71% used [0x00000005c0000000,0x00000005cf8614f8,0x00000005d5900000)
 Metaspace       used 22539K, capacity 23080K, committed 23424K, reserved 1069056K
  class space    used 2656K, capacity 2821K, committed 2944K, reserved 1048576K
}
Event: 15.095 GC heap before
{Heap before GC invocations=17 (full 3):
 PSYoungGen      total 983552K, used 983552K [0x0000000715580000, 0x000000075e580000, 0x00000007c0000000)
  eden space 799744K, 100% used [0x0000000715580000,0x0000000746280000,0x0000000746280000)
  from space 183808K, 100% used [0x0000000746280000,0x0000000751600000,0x0000000751600000)
  to   space 169984K, 0% used [0x0000000751600000,0x0000000751600000,0x000000075bc00000)
 ParOldGen       total 353280K, used 254341K [0x00000005c0000000, 0x00000005d5900000, 0x0000000715580000)
  object space 353280K, 71% used [0x00000005c0000000,0x00000005cf8614f8,0x00000005d5900000)
 Metaspace       used 22539K, capacity 23080K, committed 23424K, reserved 1069056K
  class space    used 2656K, capacity 2821K, committed 2944K, reserved 1048576K
Event: 15.461 GC heap after
Heap after GC invocations=17 (full 3):
 PSYoungGen      total 983552K, used 983552K [0x0000000715580000, 0x000000075e580000, 0x00000007c0000000)
  eden space 799744K, 100% used [0x0000000715580000,0x0000000746280000,0x0000000746280000)
  from space 183808K, 100% used [0x0000000746280000,0x0000000751600000,0x0000000751600000)
  to   space 169984K, 99% used [0x0000000751600000,0x000000075bbfa940,0x000000075bc00000)
 ParOldGen       total 398336K, used 398335K [0x00000005c0000000, 0x00000005d8500000, 0x0000000715580000)
  object space 398336K, 99% used [0x00000005c0000000,0x00000005d84fff70,0x00000005d8500000)
 Metaspace       used 22539K, capacity 23080K, committed 23424K, reserved 1069056K
  class space    used 2656K, capacity 2821K, committed 2944K, reserved 1048576K
}
Event: 15.461 GC heap before
{Heap before GC invocations=18 (full 4):
 PSYoungGen      total 983552K, used 983552K [0x0000000715580000, 0x000000075e580000, 0x00000007c0000000)
  eden space 799744K, 100% used [0x0000000715580000,0x0000000746280000,0x0000000746280000)
  from space 183808K, 100% used [0x0000000746280000,0x0000000751600000,0x0000000751600000)
  to   space 169984K, 99% used [0x0000000751600000,0x000000075bbfa940,0x000000075bc00000)
 ParOldGen       total 398336K, used 398335K [0x00000005c0000000, 0x00000005d8500000, 0x0000000715580000)
  object space 398336K, 99% used [0x00000005c0000000,0x00000005d84fff70,0x00000005d8500000)
 Metaspace       used 22539K, capacity 23080K, committed 23424K, reserved 1069056K
  class space    used 2656K, capacity 2821K, committed 2944K, reserved 1048576K
Event: 15.822 GC heap after
Heap after GC invocations=18 (full 4):
 PSYoungGen      total 983552K, used 0K [0x0000000715580000, 0x000000075e580000, 0x00000007c0000000)
  eden space 799744K, 0% used [0x0000000715580000,0x0000000715580000,0x0000000746280000)
  from space 183808K, 0% used [0x0000000746280000,0x0000000746280000,0x0000000751600000)
  to   space 169984K, 0% used [0x0000000751600000,0x0000000751600000,0x000000075bc00000)
 ParOldGen       total 398336K, used 223411K [0x00000005c0000000, 0x00000005d8500000, 0x0000000715580000)
  object space 398336K, 56% used [0x00000005c0000000,0x00000005cda2ce00,0x00000005d8500000)
 Metaspace       used 22539K, capacity 23080K, committed 23424K, reserved 1069056K
  class space    used 2656K, capacity 2821K, committed 2944K, reserved 1048576K
}
Event: 17.085 GC heap before
{Heap before GC invocations=19 (full 4):
 PSYoungGen      total 983552K, used 799744K [0x0000000715580000, 0x000000075e580000, 0x00000007c0000000)
  eden space 799744K, 100% used [0x0000000715580000,0x0000000746280000,0x0000000746280000)
  from space 183808K, 0% used [0x0000000746280000,0x0000000746280000,0x0000000751600000)
  to   space 169984K, 0% used [0x0000000751600000,0x0000000751600000,0x000000075bc00000)
 ParOldGen       total 398336K, used 223411K [0x00000005c0000000, 0x00000005d8500000, 0x0000000715580000)
  object space 398336K, 56% used [0x00000005c0000000,0x00000005cda2ce00,0x00000005d8500000)
 Metaspace       used 22539K, capacity 23080K, committed 23424K, reserved 1069056K
  class space    used 2656K, capacity 2821K, committed 2944K, reserved 1048576K
Event: 17.159 GC heap after
Heap after GC invocations=19 (full 4):
 PSYoungGen      total 969728K, used 140958K [0x0000000715580000, 0x000000075e580000, 0x00000007c0000000)
  eden space 799744K, 0% used [0x0000000715580000,0x0000000715580000,0x0000000746280000)
  from space 169984K, 82% used [0x0000000751600000,0x0000000759fa78d0,0x000000075bc00000)
  to   space 183808K, 0% used [0x0000000746280000,0x0000000746280000,0x0000000751600000)
 ParOldGen       total 398336K, used 223411K [0x00000005c0000000, 0x00000005d8500000, 0x0000000715580000)
  object space 398336K, 56% used [0x00000005c0000000,0x00000005cda2ce00,0x00000005d8500000)
 Metaspace       used 22539K, capacity 23080K, committed 23424K, reserved 1069056K
  class space    used 2656K, capacity 2821K, committed 2944K, reserved 1048576K
}
Event: 18.284 GC heap before
{Heap before GC invocations=20 (full 4):
 PSYoungGen      total 969728K, used 940702K [0x0000000715580000, 0x000000075e580000, 0x00000007c0000000)
  eden space 799744K, 100% used [0x0000000715580000,0x0000000746280000,0x0000000746280000)
  from space 169984K, 82% used [0x0000000751600000,0x0000000759fa78d0,0x000000075bc00000)
  to   space 183808K, 0% used [0x0000000746280000,0x0000000746280000,0x0000000751600000)
 ParOldGen       total 398336K, used 223411K [0x00000005c0000000, 0x00000005d8500000, 0x0000000715580000)
  object space 398336K, 56% used [0x00000005c0000000,0x00000005cda2ce00,0x00000005d8500000)
 Metaspace       used 22551K, capacity 23080K, committed 23424K, reserved 1069056K
  class space    used 2656K, capacity 2821K, committed 2944K, reserved 1048576K
Event: 18.434 GC heap after
Heap after GC invocations=20 (full 4):
 PSYoungGen      total 983552K, used 183808K [0x0000000715580000, 0x000000075e580000, 0x00000007c0000000)
  eden space 799744K, 0% used [0x0000000715580000,0x0000000715580000,0x0000000746280000)
  from space 183808K, 100% used [0x0000000746280000,0x0000000751600000,0x0000000751600000)
  to   space 169984K, 0% used [0x0000000751600000,0x0000000751600000,0x000000075bc00000)
 ParOldGen       total 398336K, used 290785K [0x00000005c0000000, 0x00000005d8500000, 0x0000000715580000)
  object space 398336K, 72% used [0x00000005c0000000,0x00000005d1bf8490,0x00000005d8500000)
 Metaspace       used 22551K, capacity 23080K, committed 23424K, reserved 1069056K
  class space    used 2656K, capacity 2821K, committed 2944K, reserved 1048576K
}
Event: 19.674 GC heap before
{Heap before GC invocations=21 (full 4):
 PSYoungGen      total 983552K, used 983552K [0x0000000715580000, 0x000000075e580000, 0x00000007c0000000)
  eden space 799744K, 100% used [0x0000000715580000,0x0000000746280000,0x0000000746280000)
  from space 183808K, 100% used [0x0000000746280000,0x0000000751600000,0x0000000751600000)
  to   space 169984K, 0% used [0x0000000751600000,0x0000000751600000,0x000000075bc00000)
 ParOldGen       total 398336K, used 290785K [0x00000005c0000000, 0x00000005d8500000, 0x0000000715580000)
  object space 398336K, 72% used [0x00000005c0000000,0x00000005d1bf8490,0x00000005d8500000)
 Metaspace       used 22551K, capacity 23080K, committed 23424K, reserved 1069056K
  class space    used 2656K, capacity 2821K, committed 2944K, reserved 1048576K

