# JRE version: Java(TM) SE Runtime Environment (8.0_152-b16) (build 1.8.0_152-b16)
# Java VM: Java HotSpot(TM) 64-Bit Server VM (25.152-b16 mixed mode windows-amd64 compressed oops)
Heap:
 PSYoungGen      total 763904K, used 358228K [0x000000076b000000, 0x00000007ba600000, 0x00000007c0000000)
  eden space 367616K, 51% used [0x000000076b000000,0x000000077676d230,0x0000000781700000)
  from space 396288K, 42% used [0x0000000781700000,0x000000078bd68000,0x0000000799a00000)
  to   space 456704K, 0% used [0x000000079e800000,0x000000079e800000,0x00000007ba600000)
 ParOldGen       total 175104K, used 55238K [0x00000006c1000000, 0x00000006cbb00000, 0x000000076b000000)
  object space 175104K, 31% used [0x00000006c1000000,0x00000006c45f1a88,0x00000006cbb00000)
 Metaspace       used 22667K, capacity 23204K, committed 23424K, reserved 1069056K
  class space    used 2656K, capacity 2821K, committed 2944K, reserved 1048576K
GC Heap History (10 events):
Event: 76.502 GC heap before
{Heap before GC invocations=99 (full 37):
 PSYoungGen      total 755712K, used 367616K [0x000000076b000000, 0x00000007b1d00000, 0x00000007c0000000)
  eden space 367616K, 100% used [0x000000076b000000,0x0000000781700000,0x0000000781700000)
  from space 388096K, 0% used [0x000000079a200000,0x000000079a200000,0x00000007b1d00000)
  to   space 396288K, 0% used [0x0000000781700000,0x0000000781700000,0x0000000799a00000)
 ParOldGen       total 175104K, used 175069K [0x00000006c1000000, 0x00000006cbb00000, 0x000000076b000000)
  object space 175104K, 99% used [0x00000006c1000000,0x00000006cbaf7578,0x00000006cbb00000)
 Metaspace       used 22667K, capacity 23204K, committed 23424K, reserved 1069056K
  class space    used 2656K, capacity 2821K, committed 2944K, reserved 1048576K
Event: 76.961 GC heap after
Heap after GC invocations=99 (full 37):
 PSYoungGen      total 755712K, used 79179K [0x000000076b000000, 0x00000007b1d00000, 0x00000007c0000000)
  eden space 367616K, 21% used [0x000000076b000000,0x000000076fd52e80,0x0000000781700000)
  from space 388096K, 0% used [0x000000079a200000,0x000000079a200000,0x00000007b1d00000)
  to   space 396288K, 0% used [0x0000000781700000,0x0000000781700000,0x0000000799a00000)
 ParOldGen       total 175104K, used 174738K [0x00000006c1000000, 0x00000006cbb00000, 0x000000076b000000)
  object space 175104K, 99% used [0x00000006c1000000,0x00000006cbaa4ac0,0x00000006cbb00000)
 Metaspace       used 22667K, capacity 23204K, committed 23424K, reserved 1069056K
  class space    used 2656K, capacity 2821K, committed 2944K, reserved 1048576K
}
Event: 77.445 GC heap before
{Heap before GC invocations=100 (full 38):
 PSYoungGen      total 755712K, used 367616K [0x000000076b000000, 0x00000007b1d00000, 0x00000007c0000000)
  eden space 367616K, 100% used [0x000000076b000000,0x0000000781700000,0x0000000781700000)
  from space 388096K, 0% used [0x000000079a200000,0x000000079a200000,0x00000007b1d00000)
  to   space 396288K, 0% used [0x0000000781700000,0x0000000781700000,0x0000000799a00000)
 ParOldGen       total 175104K, used 174738K [0x00000006c1000000, 0x00000006cbb00000, 0x000000076b000000)
  object space 175104K, 99% used [0x00000006c1000000,0x00000006cbaa4ac0,0x00000006cbb00000)
 Metaspace       used 22667K, capacity 23204K, committed 23424K, reserved 1069056K
  class space    used 2656K, capacity 2821K, committed 2944K, reserved 1048576K
Event: 77.535 GC heap after
Heap after GC invocations=100 (full 38):
 PSYoungGen      total 755712K, used 0K [0x000000076b000000, 0x00000007b1d00000, 0x00000007c0000000)
  eden space 367616K, 0% used [0x000000076b000000,0x000000076b000000,0x0000000781700000)
  from space 388096K, 0% used [0x000000079a200000,0x000000079a200000,0x00000007b1d00000)
  to   space 396288K, 0% used [0x0000000781700000,0x0000000781700000,0x0000000799a00000)
 ParOldGen       total 175104K, used 55238K [0x00000006c1000000, 0x00000006cbb00000, 0x000000076b000000)
  object space 175104K, 31% used [0x00000006c1000000,0x00000006c45f1a88,0x00000006cbb00000)
 Metaspace       used 22667K, capacity 23204K, committed 23424K, reserved 1069056K
  class space    used 2656K, capacity 2821K, committed 2944K, reserved 1048576K
}
Event: 78.441 GC heap before
{Heap before GC invocations=101 (full 38):
 PSYoungGen      total 755712K, used 367616K [0x000000076b000000, 0x00000007b1d00000, 0x00000007c0000000)
  eden space 367616K, 100% used [0x000000076b000000,0x0000000781700000,0x0000000781700000)
  from space 388096K, 0% used [0x000000079a200000,0x000000079a200000,0x00000007b1d00000)
  to   space 396288K, 0% used [0x0000000781700000,0x0000000781700000,0x0000000799a00000)
 ParOldGen       total 175104K, used 55238K [0x00000006c1000000, 0x00000006cbb00000, 0x000000076b000000)
  object space 175104K, 31% used [0x00000006c1000000,0x00000006c45f1a88,0x00000006cbb00000)
 Metaspace       used 22667K, capacity 23204K, committed 23424K, reserved 1069056K
  class space    used 2656K, capacity 2821K, committed 2944K, reserved 1048576K
Event: 78.482 GC heap after
Heap after GC invocations=101 (full 38):
 PSYoungGen      total 763904K, used 56480K [0x000000076b000000, 0x00000007b1d00000, 0x00000007c0000000)
  eden space 367616K, 0% used [0x000000076b000000,0x000000076b000000,0x0000000781700000)
  from space 396288K, 14% used [0x0000000781700000,0x0000000784e28000,0x0000000799a00000)
  to   space 388096K, 0% used [0x000000079a200000,0x000000079a200000,0x00000007b1d00000)
 ParOldGen       total 175104K, used 55238K [0x00000006c1000000, 0x00000006cbb00000, 0x000000076b000000)
  object space 175104K, 31% used [0x00000006c1000000,0x00000006c45f1a88,0x00000006cbb00000)
 Metaspace       used 22667K, capacity 23204K, committed 23424K, reserved 1069056K
  class space    used 2656K, capacity 2821K, committed 2944K, reserved 1048576K
}
Event: 79.367 GC heap before
{Heap before GC invocations=102 (full 38):
 PSYoungGen      total 763904K, used 424096K [0x000000076b000000, 0x00000007b1d00000, 0x00000007c0000000)
  eden space 367616K, 100% used [0x000000076b000000,0x0000000781700000,0x0000000781700000)
  from space 396288K, 14% used [0x0000000781700000,0x0000000784e28000,0x0000000799a00000)
  to   space 388096K, 0% used [0x000000079a200000,0x000000079a200000,0x00000007b1d00000)
 ParOldGen       total 175104K, used 55238K [0x00000006c1000000, 0x00000006cbb00000, 0x000000076b000000)
  object space 175104K, 31% used [0x00000006c1000000,0x00000006c45f1a88,0x00000006cbb00000)
 Metaspace       used 22667K, capacity 23204K, committed 23424K, reserved 1069056K
  class space    used 2656K, capacity 2821K, committed 2944K, reserved 1048576K
Event: 79.439 GC heap after
Heap after GC invocations=102 (full 38):
 PSYoungGen      total 755712K, used 113312K [0x000000076b000000, 0x00000007b1d00000, 0x00000007c0000000)
  eden space 367616K, 0% used [0x000000076b000000,0x000000076b000000,0x0000000781700000)
  from space 388096K, 29% used [0x000000079a200000,0x00000007a10a8000,0x00000007b1d00000)
  to   space 396288K, 0% used [0x0000000781700000,0x0000000781700000,0x0000000799a00000)
 ParOldGen       total 175104K, used 55238K [0x00000006c1000000, 0x00000006cbb00000, 0x000000076b000000)
  object space 175104K, 31% used [0x00000006c1000000,0x00000006c45f1a88,0x00000006cbb00000)
 Metaspace       used 22667K, capacity 23204K, committed 23424K, reserved 1069056K
  class space    used 2656K, capacity 2821K, committed 2944K, reserved 1048576K
}
Event: 80.314 GC heap before
{Heap before GC invocations=103 (full 38):
 PSYoungGen      total 755712K, used 480928K [0x000000076b000000, 0x00000007b1d00000, 0x00000007c0000000)
  eden space 367616K, 100% used [0x000000076b000000,0x0000000781700000,0x0000000781700000)
  from space 388096K, 29% used [0x000000079a200000,0x00000007a10a8000,0x00000007b1d00000)
  to   space 396288K, 0% used [0x0000000781700000,0x0000000781700000,0x0000000799a00000)
 ParOldGen       total 175104K, used 55238K [0x00000006c1000000, 0x00000006cbb00000, 0x000000076b000000)
  object space 175104K, 31% used [0x00000006c1000000,0x00000006c45f1a88,0x00000006cbb00000)
 Metaspace       used 22667K, capacity 23204K, committed 23424K, reserved 1069056K
  class space    used 2656K, capacity 2821K, committed 2944K, reserved 1048576K
Event: 80.393 GC heap after
Heap after GC invocations=103 (full 38):
 PSYoungGen      total 763904K, used 170400K [0x000000076b000000, 0x00000007ba600000, 0x00000007c0000000)
  eden space 367616K, 0% used [0x000000076b000000,0x000000076b000000,0x0000000781700000)
  from space 396288K, 42% used [0x0000000781700000,0x000000078bd68000,0x0000000799a00000)
  to   space 456704K, 0% used [0x000000079e800000,0x000000079e800000,0x00000007ba600000)
 ParOldGen       total 175104K, used 55238K [0x00000006c1000000, 0x00000006cbb00000, 0x000000076b000000)
  object space 175104K, 31% used [0x00000006c1000000,0x00000006c45f1a88,0x00000006cbb00000)
 Metaspace       used 22667K, capacity 23204K, committed 23424K, reserved 1069056K
  class space    used 2656K, capacity 2821K, committed 2944K, reserved 1048576K
}

